[05-Aug-2022 06:36:57 UTC] WordPress database error Deadlock found when trying to get lock; try restarting transaction for query DELETE FROM `wp_options` WHERE `option_name` = '_transient_abtest_variation_woocommerce_tasklist_setup_experiment_1_2022_08' made by require_once('wp-load.php'), require_once('wp-config.php'), require_once('wp-settings.php'), do_action('init'), WP_Hook->do_action, WP_Hook->apply_filters, Automattic\WooCommerce\Admin\Features\Features::load_features, Automattic\WooCommerce\Admin\Features\OnboardingTasks\Init->__construct, Automattic\WooCommerce\Admin\Features\OnboardingTasks\TaskLists::init, Automattic\WooCommerce\Admin\Features\OnboardingTasks\TaskLists::init_default_lists, Automattic\WooCommerce\Admin\Features\OnboardingTasks\TaskLists::is_experiment_treatment, WooCommerce\Admin\Experimental_Abtest->get_variation, WooCommerce\Admin\Experimental_Abtest->fetch_variation, get_transient, delete_option
[17-Aug-2022 04:05:00 UTC] WordPress database error Deadlock found when trying to get lock; try restarting transaction for query DELETE FROM `wp_options` WHERE `option_name` = '_transient_abtest_variation_woocommerce_tasklist_setup_experiment_1_2022_08' made by require('wp-blog-header.php'), require_once('wp-load.php'), require_once('wp-config.php'), require_once('wp-settings.php'), do_action('init'), WP_Hook->do_action, WP_Hook->apply_filters, Automattic\WooCommerce\Admin\Features\Features::load_features, Automattic\WooCommerce\Admin\Features\OnboardingTasks\Init->__construct, Automattic\WooCommerce\Admin\Features\OnboardingTasks\TaskLists::init, Automattic\WooCommerce\Admin\Features\OnboardingTasks\TaskLists::init_default_lists, Automattic\WooCommerce\Admin\Features\OnboardingTasks\TaskLists::is_experiment_treatment, WooCommerce\Admin\Experimental_Abtest->get_variation, WooCommerce\Admin\Experimental_Abtest->fetch_variation, get_transient, delete_option
[24-Aug-2022 02:59:35 UTC] PHP Fatal error:  Uncaught ArgumentCountError: 3 arguments are required, 2 given in C:\xampp\htdocs\wordpress\wordpress\wp-admin\includes\class-bulk-upgrader-skin.php:156
Stack trace:
#0 C:\xampp\htdocs\wordpress\wordpress\wp-admin\includes\class-bulk-upgrader-skin.php(156): sprintf('%1$s installed ...', 'Contact Form 7')
#1 C:\xampp\htdocs\wordpress\wordpress\wp-content\themes\flatsome\inc\classes\class-tgm-plugin-activation.php(3638): Bulk_Upgrader_Skin->after('Contact Form 7')
#2 C:\xampp\htdocs\wordpress\wordpress\wp-admin\includes\class-wp-upgrader.php(824): TGMPA_Bulk_Installer_Skin->after()
#3 C:\xampp\htdocs\wordpress\wordpress\wp-content\themes\flatsome\inc\classes\class-tgm-plugin-activation.php(3258): WP_Upgrader->run(Array)
#4 C:\xampp\htdocs\wordpress\wordpress\wp-content\themes\flatsome\inc\classes\class-tgm-plugin-activation.php(3371): TGMPA_Bulk_Installer->run(Array)
#5 C:\xampp\htdocs\wordpress\wordpress\wp-content\themes\flatsome\inc\classes\class-tgm-plugin-activation.php(2977): TGMPA_Bulk_Installer->bulk_install(Array)
#6 C:\xampp\htdocs\wordpress\wordpress\wp-content\themes\flatsome\inc\classes\class-tgm-plugin-activation.php(743): TGMPA_List_Table->process_bulk_actions()
#7 C:\xampp\htdocs\wordpress\wordpress\wp-includes\class-wp-hook.php(307): TGM_Plugin_Activation->install_plugins_page('')
#8 C:\xampp\htdocs\wordpress\wordpress\wp-includes\class-wp-hook.php(331): WP_Hook->apply_filters('', Array)
#9 C:\xampp\htdocs\wordpress\wordpress\wp-includes\plugin.php(476): WP_Hook->do_action(Array)
#10 C:\xampp\htdocs\wordpress\wordpress\wp-admin\admin.php(259): do_action('appearance_page...')
#11 C:\xampp\htdocs\wordpress\wordpress\wp-admin\themes.php(10): require_once('C:\\xampp\\htdocs...')
#12 {main}
  thrown in C:\xampp\htdocs\wordpress\wordpress\wp-admin\includes\class-bulk-upgrader-skin.php on line 156
[24-Aug-2022 02:59:48 UTC] PHP Fatal error:  Uncaught ArgumentCountError: 3 arguments are required, 2 given in C:\xampp\htdocs\wordpress\wordpress\wp-admin\includes\class-bulk-upgrader-skin.php:156
Stack trace:
#0 C:\xampp\htdocs\wordpress\wordpress\wp-admin\includes\class-bulk-upgrader-skin.php(156): sprintf('%1$s installed ...', 'Nextend Social ...')
#1 C:\xampp\htdocs\wordpress\wordpress\wp-content\themes\flatsome\inc\classes\class-tgm-plugin-activation.php(3638): Bulk_Upgrader_Skin->after('Nextend Social ...')
#2 C:\xampp\htdocs\wordpress\wordpress\wp-admin\includes\class-wp-upgrader.php(824): TGMPA_Bulk_Installer_Skin->after()
#3 C:\xampp\htdocs\wordpress\wordpress\wp-content\themes\flatsome\inc\classes\class-tgm-plugin-activation.php(3258): WP_Upgrader->run(Array)
#4 C:\xampp\htdocs\wordpress\wordpress\wp-content\themes\flatsome\inc\classes\class-tgm-plugin-activation.php(3371): TGMPA_Bulk_Installer->run(Array)
#5 C:\xampp\htdocs\wordpress\wordpress\wp-content\themes\flatsome\inc\classes\class-tgm-plugin-activation.php(2977): TGMPA_Bulk_Installer->bulk_install(Array)
#6 C:\xampp\htdocs\wordpress\wordpress\wp-content\themes\flatsome\inc\classes\class-tgm-plugin-activation.php(743): TGMPA_List_Table->process_bulk_actions()
#7 C:\xampp\htdocs\wordpress\wordpress\wp-includes\class-wp-hook.php(307): TGM_Plugin_Activation->install_plugins_page('')
#8 C:\xampp\htdocs\wordpress\wordpress\wp-includes\class-wp-hook.php(331): WP_Hook->apply_filters('', Array)
#9 C:\xampp\htdocs\wordpress\wordpress\wp-includes\plugin.php(476): WP_Hook->do_action(Array)
#10 C:\xampp\htdocs\wordpress\wordpress\wp-admin\admin.php(259): do_action('appearance_page...')
#11 C:\xampp\htdocs\wordpress\wordpress\wp-admin\themes.php(10): require_once('C:\\xampp\\htdocs...')
#12 {main}
  thrown in C:\xampp\htdocs\wordpress\wordpress\wp-admin\includes\class-bulk-upgrader-skin.php on line 156
[24-Aug-2022 03:00:40 UTC] PHP Fatal error:  Uncaught ArgumentCountError: 3 arguments are required, 2 given in C:\xampp\htdocs\wordpress\wordpress\wp-admin\includes\class-bulk-upgrader-skin.php:156
Stack trace:
#0 C:\xampp\htdocs\wordpress\wordpress\wp-admin\includes\class-bulk-upgrader-skin.php(156): sprintf('%1$s installed ...', 'YITH WooCommerc...')
#1 C:\xampp\htdocs\wordpress\wordpress\wp-content\themes\flatsome\inc\classes\class-tgm-plugin-activation.php(3638): Bulk_Upgrader_Skin->after('YITH WooCommerc...')
#2 C:\xampp\htdocs\wordpress\wordpress\wp-admin\includes\class-wp-upgrader.php(824): TGMPA_Bulk_Installer_Skin->after()
#3 C:\xampp\htdocs\wordpress\wordpress\wp-content\themes\flatsome\inc\classes\class-tgm-plugin-activation.php(3258): WP_Upgrader->run(Array)
#4 C:\xampp\htdocs\wordpress\wordpress\wp-content\themes\flatsome\inc\classes\class-tgm-plugin-activation.php(3371): TGMPA_Bulk_Installer->run(Array)
#5 C:\xampp\htdocs\wordpress\wordpress\wp-content\themes\flatsome\inc\classes\class-tgm-plugin-activation.php(2977): TGMPA_Bulk_Installer->bulk_install(Array)
#6 C:\xampp\htdocs\wordpress\wordpress\wp-content\themes\flatsome\inc\classes\class-tgm-plugin-activation.php(743): TGMPA_List_Table->process_bulk_actions()
#7 C:\xampp\htdocs\wordpress\wordpress\wp-includes\class-wp-hook.php(307): TGM_Plugin_Activation->install_plugins_page('')
#8 C:\xampp\htdocs\wordpress\wordpress\wp-includes\class-wp-hook.php(331): WP_Hook->apply_filters('', Array)
#9 C:\xampp\htdocs\wordpress\wordpress\wp-includes\plugin.php(476): WP_Hook->do_action(Array)
#10 C:\xampp\htdocs\wordpress\wordpress\wp-admin\admin.php(259): do_action('appearance_page...')
#11 C:\xampp\htdocs\wordpress\wordpress\wp-admin\themes.php(10): require_once('C:\\xampp\\htdocs...')
#12 {main}
  thrown in C:\xampp\htdocs\wordpress\wordpress\wp-admin\includes\class-bulk-upgrader-skin.php on line 156
[24-Aug-2022 03:02:04 UTC] PHP Warning:  Undefined array key "post_parent" in C:\xampp\htdocs\wordpress\wordpress\wp-content\themes\flatsome\inc\admin\envato_setup\envato_setup.php on line 1218
[24-Aug-2022 03:02:06 UTC] PHP Warning:  Undefined array key "post_parent" in C:\xampp\htdocs\wordpress\wordpress\wp-content\themes\flatsome\inc\admin\envato_setup\envato_setup.php on line 1218
[24-Aug-2022 03:02:06 UTC] PHP Warning:  Undefined array key "post_parent" in C:\xampp\htdocs\wordpress\wordpress\wp-content\themes\flatsome\inc\admin\envato_setup\envato_setup.php on line 1218
[24-Aug-2022 03:02:06 UTC] PHP Warning:  Undefined array key "post_parent" in C:\xampp\htdocs\wordpress\wordpress\wp-content\themes\flatsome\inc\admin\envato_setup\envato_setup.php on line 1218
[24-Aug-2022 03:02:06 UTC] PHP Warning:  Undefined array key "post_parent" in C:\xampp\htdocs\wordpress\wordpress\wp-content\themes\flatsome\inc\admin\envato_setup\envato_setup.php on line 1218
[24-Aug-2022 03:02:06 UTC] PHP Warning:  Undefined array key "post_parent" in C:\xampp\htdocs\wordpress\wordpress\wp-content\themes\flatsome\inc\admin\envato_setup\envato_setup.php on line 1218
[24-Aug-2022 03:02:06 UTC] PHP Warning:  Undefined array key "post_parent" in C:\xampp\htdocs\wordpress\wordpress\wp-content\themes\flatsome\inc\admin\envato_setup\envato_setup.php on line 1218
[24-Aug-2022 03:02:06 UTC] PHP Warning:  Undefined array key "post_parent" in C:\xampp\htdocs\wordpress\wordpress\wp-content\themes\flatsome\inc\admin\envato_setup\envato_setup.php on line 1218
[24-Aug-2022 03:02:06 UTC] PHP Warning:  Undefined array key "post_parent" in C:\xampp\htdocs\wordpress\wordpress\wp-content\themes\flatsome\inc\admin\envato_setup\envato_setup.php on line 1218
[24-Aug-2022 03:02:06 UTC] PHP Warning:  Undefined array key "post_parent" in C:\xampp\htdocs\wordpress\wordpress\wp-content\themes\flatsome\inc\admin\envato_setup\envato_setup.php on line 1218
[24-Aug-2022 03:02:06 UTC] PHP Warning:  Undefined array key "post_parent" in C:\xampp\htdocs\wordpress\wordpress\wp-content\themes\flatsome\inc\admin\envato_setup\envato_setup.php on line 1218
[24-Aug-2022 03:02:06 UTC] PHP Warning:  Undefined array key "post_parent" in C:\xampp\htdocs\wordpress\wordpress\wp-content\themes\flatsome\inc\admin\envato_setup\envato_setup.php on line 1218
[24-Aug-2022 03:02:07 UTC] PHP Warning:  Undefined array key "post_parent" in C:\xampp\htdocs\wordpress\wordpress\wp-content\themes\flatsome\inc\admin\envato_setup\envato_setup.php on line 1218
[24-Aug-2022 03:02:07 UTC] PHP Warning:  Undefined array key "post_parent" in C:\xampp\htdocs\wordpress\wordpress\wp-content\themes\flatsome\inc\admin\envato_setup\envato_setup.php on line 1218
[24-Aug-2022 03:02:07 UTC] PHP Warning:  Undefined array key "post_parent" in C:\xampp\htdocs\wordpress\wordpress\wp-content\themes\flatsome\inc\admin\envato_setup\envato_setup.php on line 1218
[24-Aug-2022 03:02:07 UTC] PHP Warning:  Undefined array key "post_parent" in C:\xampp\htdocs\wordpress\wordpress\wp-content\themes\flatsome\inc\admin\envato_setup\envato_setup.php on line 1218
[24-Aug-2022 03:02:07 UTC] PHP Warning:  Undefined array key "post_parent" in C:\xampp\htdocs\wordpress\wordpress\wp-content\themes\flatsome\inc\admin\envato_setup\envato_setup.php on line 1218
[24-Aug-2022 03:02:07 UTC] PHP Warning:  Undefined array key "post_parent" in C:\xampp\htdocs\wordpress\wordpress\wp-content\themes\flatsome\inc\admin\envato_setup\envato_setup.php on line 1218
[24-Aug-2022 03:02:07 UTC] PHP Warning:  Undefined array key "post_parent" in C:\xampp\htdocs\wordpress\wordpress\wp-content\themes\flatsome\inc\admin\envato_setup\envato_setup.php on line 1218
[24-Aug-2022 03:02:07 UTC] PHP Warning:  Undefined array key "post_parent" in C:\xampp\htdocs\wordpress\wordpress\wp-content\themes\flatsome\inc\admin\envato_setup\envato_setup.php on line 1218
[24-Aug-2022 03:02:07 UTC] PHP Warning:  Undefined array key "post_parent" in C:\xampp\htdocs\wordpress\wordpress\wp-content\themes\flatsome\inc\admin\envato_setup\envato_setup.php on line 1218
[24-Aug-2022 03:02:07 UTC] PHP Warning:  Undefined array key "post_parent" in C:\xampp\htdocs\wordpress\wordpress\wp-content\themes\flatsome\inc\admin\envato_setup\envato_setup.php on line 1218
[24-Aug-2022 03:02:07 UTC] PHP Warning:  Undefined array key "post_parent" in C:\xampp\htdocs\wordpress\wordpress\wp-content\themes\flatsome\inc\admin\envato_setup\envato_setup.php on line 1218
[24-Aug-2022 03:02:07 UTC] PHP Warning:  Undefined array key "post_parent" in C:\xampp\htdocs\wordpress\wordpress\wp-content\themes\flatsome\inc\admin\envato_setup\envato_setup.php on line 1218
[24-Aug-2022 03:02:07 UTC] PHP Warning:  Undefined array key "post_parent" in C:\xampp\htdocs\wordpress\wordpress\wp-content\themes\flatsome\inc\admin\envato_setup\envato_setup.php on line 1218
[24-Aug-2022 03:02:07 UTC] PHP Warning:  Undefined array key "post_parent" in C:\xampp\htdocs\wordpress\wordpress\wp-content\themes\flatsome\inc\admin\envato_setup\envato_setup.php on line 1218
[24-Aug-2022 03:02:07 UTC] PHP Warning:  Undefined array key "post_parent" in C:\xampp\htdocs\wordpress\wordpress\wp-content\themes\flatsome\inc\admin\envato_setup\envato_setup.php on line 1218
[24-Aug-2022 03:02:07 UTC] PHP Warning:  Undefined array key "post_parent" in C:\xampp\htdocs\wordpress\wordpress\wp-content\themes\flatsome\inc\admin\envato_setup\envato_setup.php on line 1218
[24-Aug-2022 03:02:07 UTC] PHP Warning:  Undefined array key "post_parent" in C:\xampp\htdocs\wordpress\wordpress\wp-content\themes\flatsome\inc\admin\envato_setup\envato_setup.php on line 1218
[24-Aug-2022 03:02:07 UTC] PHP Warning:  Undefined array key "post_parent" in C:\xampp\htdocs\wordpress\wordpress\wp-content\themes\flatsome\inc\admin\envato_setup\envato_setup.php on line 1218
[24-Aug-2022 03:02:07 UTC] PHP Warning:  Undefined array key "post_parent" in C:\xampp\htdocs\wordpress\wordpress\wp-content\themes\flatsome\inc\admin\envato_setup\envato_setup.php on line 1218
[24-Aug-2022 03:02:07 UTC] PHP Warning:  Undefined array key "post_parent" in C:\xampp\htdocs\wordpress\wordpress\wp-content\themes\flatsome\inc\admin\envato_setup\envato_setup.php on line 1218
[24-Aug-2022 03:02:07 UTC] PHP Warning:  Undefined array key "post_parent" in C:\xampp\htdocs\wordpress\wordpress\wp-content\themes\flatsome\inc\admin\envato_setup\envato_setup.php on line 1218
[24-Aug-2022 03:02:07 UTC] PHP Warning:  Undefined array key "post_parent" in C:\xampp\htdocs\wordpress\wordpress\wp-content\themes\flatsome\inc\admin\envato_setup\envato_setup.php on line 1218
[24-Aug-2022 03:02:09 UTC] PHP Warning:  Undefined array key "post_parent" in C:\xampp\htdocs\wordpress\wordpress\wp-content\themes\flatsome\inc\admin\envato_setup\envato_setup.php on line 1218
[24-Aug-2022 03:02:09 UTC] PHP Warning:  Undefined array key "post_parent" in C:\xampp\htdocs\wordpress\wordpress\wp-content\themes\flatsome\inc\admin\envato_setup\envato_setup.php on line 1218
[24-Aug-2022 03:02:09 UTC] PHP Warning:  Undefined array key "post_parent" in C:\xampp\htdocs\wordpress\wordpress\wp-content\themes\flatsome\inc\admin\envato_setup\envato_setup.php on line 1218
[24-Aug-2022 03:02:09 UTC] PHP Warning:  Undefined array key "post_parent" in C:\xampp\htdocs\wordpress\wordpress\wp-content\themes\flatsome\inc\admin\envato_setup\envato_setup.php on line 1218
[24-Aug-2022 03:02:09 UTC] PHP Warning:  Undefined array key "post_parent" in C:\xampp\htdocs\wordpress\wordpress\wp-content\themes\flatsome\inc\admin\envato_setup\envato_setup.php on line 1218
[24-Aug-2022 03:02:09 UTC] PHP Warning:  Undefined array key "post_parent" in C:\xampp\htdocs\wordpress\wordpress\wp-content\themes\flatsome\inc\admin\envato_setup\envato_setup.php on line 1218
[24-Aug-2022 03:02:09 UTC] PHP Warning:  Undefined array key "post_parent" in C:\xampp\htdocs\wordpress\wordpress\wp-content\themes\flatsome\inc\admin\envato_setup\envato_setup.php on line 1218
[24-Aug-2022 03:02:09 UTC] PHP Warning:  Undefined array key "post_parent" in C:\xampp\htdocs\wordpress\wordpress\wp-content\themes\flatsome\inc\admin\envato_setup\envato_setup.php on line 1218
[24-Aug-2022 03:02:09 UTC] PHP Warning:  Undefined array key "post_parent" in C:\xampp\htdocs\wordpress\wordpress\wp-content\themes\flatsome\inc\admin\envato_setup\envato_setup.php on line 1218
[24-Aug-2022 03:02:09 UTC] PHP Warning:  Undefined array key "post_parent" in C:\xampp\htdocs\wordpress\wordpress\wp-content\themes\flatsome\inc\admin\envato_setup\envato_setup.php on line 1218
[24-Aug-2022 03:02:09 UTC] PHP Warning:  Undefined array key "post_parent" in C:\xampp\htdocs\wordpress\wordpress\wp-content\themes\flatsome\inc\admin\envato_setup\envato_setup.php on line 1218
[24-Aug-2022 03:02:09 UTC] PHP Warning:  Undefined array key "post_parent" in C:\xampp\htdocs\wordpress\wordpress\wp-content\themes\flatsome\inc\admin\envato_setup\envato_setup.php on line 1218
[24-Aug-2022 03:02:09 UTC] PHP Warning:  Undefined array key "post_parent" in C:\xampp\htdocs\wordpress\wordpress\wp-content\themes\flatsome\inc\admin\envato_setup\envato_setup.php on line 1218
[24-Aug-2022 03:02:09 UTC] PHP Warning:  Undefined array key "post_parent" in C:\xampp\htdocs\wordpress\wordpress\wp-content\themes\flatsome\inc\admin\envato_setup\envato_setup.php on line 1218
[24-Aug-2022 03:02:09 UTC] PHP Warning:  Undefined array key "post_parent" in C:\xampp\htdocs\wordpress\wordpress\wp-content\themes\flatsome\inc\admin\envato_setup\envato_setup.php on line 1218
[24-Aug-2022 03:02:09 UTC] PHP Warning:  Undefined array key "post_parent" in C:\xampp\htdocs\wordpress\wordpress\wp-content\themes\flatsome\inc\admin\envato_setup\envato_setup.php on line 1218
[24-Aug-2022 03:02:09 UTC] PHP Warning:  Undefined array key "post_parent" in C:\xampp\htdocs\wordpress\wordpress\wp-content\themes\flatsome\inc\admin\envato_setup\envato_setup.php on line 1218
[24-Aug-2022 03:02:09 UTC] PHP Warning:  Undefined array key "post_parent" in C:\xampp\htdocs\wordpress\wordpress\wp-content\themes\flatsome\inc\admin\envato_setup\envato_setup.php on line 1218
[24-Aug-2022 03:02:09 UTC] PHP Warning:  Undefined array key "post_parent" in C:\xampp\htdocs\wordpress\wordpress\wp-content\themes\flatsome\inc\admin\envato_setup\envato_setup.php on line 1218
[24-Aug-2022 03:02:09 UTC] PHP Warning:  Undefined array key "post_parent" in C:\xampp\htdocs\wordpress\wordpress\wp-content\themes\flatsome\inc\admin\envato_setup\envato_setup.php on line 1218
[24-Aug-2022 03:02:09 UTC] PHP Warning:  Undefined array key "post_parent" in C:\xampp\htdocs\wordpress\wordpress\wp-content\themes\flatsome\inc\admin\envato_setup\envato_setup.php on line 1218
[24-Aug-2022 03:02:09 UTC] PHP Warning:  Undefined array key "post_parent" in C:\xampp\htdocs\wordpress\wordpress\wp-content\themes\flatsome\inc\admin\envato_setup\envato_setup.php on line 1218
[24-Aug-2022 03:02:09 UTC] PHP Warning:  Undefined array key "post_parent" in C:\xampp\htdocs\wordpress\wordpress\wp-content\themes\flatsome\inc\admin\envato_setup\envato_setup.php on line 1218
[24-Aug-2022 03:02:09 UTC] PHP Warning:  Undefined array key "post_parent" in C:\xampp\htdocs\wordpress\wordpress\wp-content\themes\flatsome\inc\admin\envato_setup\envato_setup.php on line 1218
[24-Aug-2022 03:02:09 UTC] PHP Warning:  Undefined array key "post_parent" in C:\xampp\htdocs\wordpress\wordpress\wp-content\themes\flatsome\inc\admin\envato_setup\envato_setup.php on line 1218
[24-Aug-2022 03:02:09 UTC] PHP Warning:  Undefined array key "post_parent" in C:\xampp\htdocs\wordpress\wordpress\wp-content\themes\flatsome\inc\admin\envato_setup\envato_setup.php on line 1218
[24-Aug-2022 03:02:09 UTC] PHP Warning:  Undefined array key "post_parent" in C:\xampp\htdocs\wordpress\wordpress\wp-content\themes\flatsome\inc\admin\envato_setup\envato_setup.php on line 1218
[24-Aug-2022 03:02:09 UTC] PHP Warning:  Undefined array key "post_parent" in C:\xampp\htdocs\wordpress\wordpress\wp-content\themes\flatsome\inc\admin\envato_setup\envato_setup.php on line 1218
[24-Aug-2022 03:02:09 UTC] PHP Warning:  Undefined array key "post_parent" in C:\xampp\htdocs\wordpress\wordpress\wp-content\themes\flatsome\inc\admin\envato_setup\envato_setup.php on line 1218
[24-Aug-2022 03:02:09 UTC] PHP Warning:  Undefined array key "post_parent" in C:\xampp\htdocs\wordpress\wordpress\wp-content\themes\flatsome\inc\admin\envato_setup\envato_setup.php on line 1218
[24-Aug-2022 03:02:09 UTC] PHP Warning:  Undefined array key "post_parent" in C:\xampp\htdocs\wordpress\wordpress\wp-content\themes\flatsome\inc\admin\envato_setup\envato_setup.php on line 1218
[24-Aug-2022 03:02:09 UTC] PHP Warning:  Undefined array key "post_parent" in C:\xampp\htdocs\wordpress\wordpress\wp-content\themes\flatsome\inc\admin\envato_setup\envato_setup.php on line 1218
[24-Aug-2022 03:02:10 UTC] PHP Warning:  Undefined array key "post_parent" in C:\xampp\htdocs\wordpress\wordpress\wp-content\themes\flatsome\inc\admin\envato_setup\envato_setup.php on line 1218
[24-Aug-2022 03:02:10 UTC] PHP Warning:  Undefined array key "post_parent" in C:\xampp\htdocs\wordpress\wordpress\wp-content\themes\flatsome\inc\admin\envato_setup\envato_setup.php on line 1218
[24-Aug-2022 03:02:10 UTC] PHP Warning:  Undefined array key "post_parent" in C:\xampp\htdocs\wordpress\wordpress\wp-content\themes\flatsome\inc\admin\envato_setup\envato_setup.php on line 1218
[24-Aug-2022 03:02:10 UTC] PHP Warning:  Undefined array key "post_parent" in C:\xampp\htdocs\wordpress\wordpress\wp-content\themes\flatsome\inc\admin\envato_setup\envato_setup.php on line 1218
[24-Aug-2022 03:02:10 UTC] PHP Warning:  Undefined array key "post_parent" in C:\xampp\htdocs\wordpress\wordpress\wp-content\themes\flatsome\inc\admin\envato_setup\envato_setup.php on line 1218
[24-Aug-2022 03:02:10 UTC] PHP Warning:  Undefined array key "post_parent" in C:\xampp\htdocs\wordpress\wordpress\wp-content\themes\flatsome\inc\admin\envato_setup\envato_setup.php on line 1218
[24-Aug-2022 03:02:10 UTC] PHP Warning:  Undefined array key "post_parent" in C:\xampp\htdocs\wordpress\wordpress\wp-content\themes\flatsome\inc\admin\envato_setup\envato_setup.php on line 1218
[24-Aug-2022 03:02:10 UTC] PHP Warning:  Undefined array key "post_parent" in C:\xampp\htdocs\wordpress\wordpress\wp-content\themes\flatsome\inc\admin\envato_setup\envato_setup.php on line 1218
[24-Aug-2022 03:02:10 UTC] PHP Warning:  Undefined array key "post_parent" in C:\xampp\htdocs\wordpress\wordpress\wp-content\themes\flatsome\inc\admin\envato_setup\envato_setup.php on line 1218
[24-Aug-2022 03:02:10 UTC] PHP Warning:  Undefined array key "post_parent" in C:\xampp\htdocs\wordpress\wordpress\wp-content\themes\flatsome\inc\admin\envato_setup\envato_setup.php on line 1218
[24-Aug-2022 03:02:10 UTC] PHP Warning:  Undefined array key "post_parent" in C:\xampp\htdocs\wordpress\wordpress\wp-content\themes\flatsome\inc\admin\envato_setup\envato_setup.php on line 1218
[24-Aug-2022 03:02:10 UTC] PHP Warning:  Undefined array key "post_parent" in C:\xampp\htdocs\wordpress\wordpress\wp-content\themes\flatsome\inc\admin\envato_setup\envato_setup.php on line 1218
[24-Aug-2022 03:02:10 UTC] PHP Warning:  Undefined array key "post_parent" in C:\xampp\htdocs\wordpress\wordpress\wp-content\themes\flatsome\inc\admin\envato_setup\envato_setup.php on line 1218
[24-Aug-2022 03:02:10 UTC] PHP Warning:  Undefined array key "post_parent" in C:\xampp\htdocs\wordpress\wordpress\wp-content\themes\flatsome\inc\admin\envato_setup\envato_setup.php on line 1218
[24-Aug-2022 03:02:10 UTC] PHP Warning:  Undefined array key "post_parent" in C:\xampp\htdocs\wordpress\wordpress\wp-content\themes\flatsome\inc\admin\envato_setup\envato_setup.php on line 1218
[24-Aug-2022 03:02:10 UTC] PHP Warning:  Undefined array key "post_parent" in C:\xampp\htdocs\wordpress\wordpress\wp-content\themes\flatsome\inc\admin\envato_setup\envato_setup.php on line 1218
[24-Aug-2022 03:02:10 UTC] PHP Warning:  Undefined array key "post_parent" in C:\xampp\htdocs\wordpress\wordpress\wp-content\themes\flatsome\inc\admin\envato_setup\envato_setup.php on line 1218
[24-Aug-2022 03:02:10 UTC] PHP Warning:  Undefined array key "post_parent" in C:\xampp\htdocs\wordpress\wordpress\wp-content\themes\flatsome\inc\admin\envato_setup\envato_setup.php on line 1218
[24-Aug-2022 03:02:10 UTC] PHP Warning:  Undefined array key "post_parent" in C:\xampp\htdocs\wordpress\wordpress\wp-content\themes\flatsome\inc\admin\envato_setup\envato_setup.php on line 1218
[24-Aug-2022 03:02:10 UTC] PHP Warning:  Undefined array key "post_parent" in C:\xampp\htdocs\wordpress\wordpress\wp-content\themes\flatsome\inc\admin\envato_setup\envato_setup.php on line 1218
[24-Aug-2022 03:02:10 UTC] PHP Warning:  Undefined array key "post_parent" in C:\xampp\htdocs\wordpress\wordpress\wp-content\themes\flatsome\inc\admin\envato_setup\envato_setup.php on line 1218
[24-Aug-2022 03:02:10 UTC] PHP Warning:  Undefined array key "post_parent" in C:\xampp\htdocs\wordpress\wordpress\wp-content\themes\flatsome\inc\admin\envato_setup\envato_setup.php on line 1218
[24-Aug-2022 03:02:10 UTC] PHP Warning:  Undefined array key "post_parent" in C:\xampp\htdocs\wordpress\wordpress\wp-content\themes\flatsome\inc\admin\envato_setup\envato_setup.php on line 1218
[24-Aug-2022 03:02:10 UTC] PHP Warning:  Undefined array key "post_parent" in C:\xampp\htdocs\wordpress\wordpress\wp-content\themes\flatsome\inc\admin\envato_setup\envato_setup.php on line 1218
[24-Aug-2022 03:02:10 UTC] PHP Warning:  Undefined array key "post_parent" in C:\xampp\htdocs\wordpress\wordpress\wp-content\themes\flatsome\inc\admin\envato_setup\envato_setup.php on line 1218
[24-Aug-2022 03:02:10 UTC] PHP Warning:  Undefined array key "post_parent" in C:\xampp\htdocs\wordpress\wordpress\wp-content\themes\flatsome\inc\admin\envato_setup\envato_setup.php on line 1218
[24-Aug-2022 03:02:10 UTC] PHP Warning:  Undefined array key "post_parent" in C:\xampp\htdocs\wordpress\wordpress\wp-content\themes\flatsome\inc\admin\envato_setup\envato_setup.php on line 1218
[24-Aug-2022 03:02:10 UTC] PHP Warning:  Undefined array key "post_parent" in C:\xampp\htdocs\wordpress\wordpress\wp-content\themes\flatsome\inc\admin\envato_setup\envato_setup.php on line 1218
[24-Aug-2022 03:02:10 UTC] PHP Warning:  Undefined array key "post_parent" in C:\xampp\htdocs\wordpress\wordpress\wp-content\themes\flatsome\inc\admin\envato_setup\envato_setup.php on line 1218
[24-Aug-2022 03:02:10 UTC] PHP Warning:  Undefined array key "post_parent" in C:\xampp\htdocs\wordpress\wordpress\wp-content\themes\flatsome\inc\admin\envato_setup\envato_setup.php on line 1218
[24-Aug-2022 03:02:10 UTC] PHP Warning:  Undefined array key "post_parent" in C:\xampp\htdocs\wordpress\wordpress\wp-content\themes\flatsome\inc\admin\envato_setup\envato_setup.php on line 1218
[24-Aug-2022 03:02:10 UTC] PHP Warning:  Undefined array key "post_parent" in C:\xampp\htdocs\wordpress\wordpress\wp-content\themes\flatsome\inc\admin\envato_setup\envato_setup.php on line 1218
[24-Aug-2022 03:02:10 UTC] PHP Warning:  Undefined array key "post_parent" in C:\xampp\htdocs\wordpress\wordpress\wp-content\themes\flatsome\inc\admin\envato_setup\envato_setup.php on line 1218
[24-Aug-2022 03:02:10 UTC] PHP Warning:  Undefined array key "post_parent" in C:\xampp\htdocs\wordpress\wordpress\wp-content\themes\flatsome\inc\admin\envato_setup\envato_setup.php on line 1218
[24-Aug-2022 03:02:10 UTC] PHP Warning:  Undefined array key "post_parent" in C:\xampp\htdocs\wordpress\wordpress\wp-content\themes\flatsome\inc\admin\envato_setup\envato_setup.php on line 1218
[24-Aug-2022 03:02:10 UTC] PHP Warning:  Undefined array key "post_parent" in C:\xampp\htdocs\wordpress\wordpress\wp-content\themes\flatsome\inc\admin\envato_setup\envato_setup.php on line 1218
[24-Aug-2022 03:02:10 UTC] PHP Warning:  Undefined array key "post_parent" in C:\xampp\htdocs\wordpress\wordpress\wp-content\themes\flatsome\inc\admin\envato_setup\envato_setup.php on line 1218
[24-Aug-2022 03:02:10 UTC] PHP Warning:  Undefined array key "post_parent" in C:\xampp\htdocs\wordpress\wordpress\wp-content\themes\flatsome\inc\admin\envato_setup\envato_setup.php on line 1218
[24-Aug-2022 03:02:10 UTC] PHP Warning:  Undefined array key "post_parent" in C:\xampp\htdocs\wordpress\wordpress\wp-content\themes\flatsome\inc\admin\envato_setup\envato_setup.php on line 1218
[24-Aug-2022 03:02:10 UTC] PHP Warning:  Undefined array key "post_parent" in C:\xampp\htdocs\wordpress\wordpress\wp-content\themes\flatsome\inc\admin\envato_setup\envato_setup.php on line 1218
[24-Aug-2022 03:02:10 UTC] PHP Warning:  Undefined array key "post_parent" in C:\xampp\htdocs\wordpress\wordpress\wp-content\themes\flatsome\inc\admin\envato_setup\envato_setup.php on line 1218
[24-Aug-2022 03:02:10 UTC] PHP Warning:  Undefined array key "post_parent" in C:\xampp\htdocs\wordpress\wordpress\wp-content\themes\flatsome\inc\admin\envato_setup\envato_setup.php on line 1218
[24-Aug-2022 03:02:11 UTC] PHP Warning:  Undefined array key "post_parent" in C:\xampp\htdocs\wordpress\wordpress\wp-content\themes\flatsome\inc\admin\envato_setup\envato_setup.php on line 1218
[24-Aug-2022 03:02:11 UTC] PHP Warning:  Undefined array key "post_parent" in C:\xampp\htdocs\wordpress\wordpress\wp-content\themes\flatsome\inc\admin\envato_setup\envato_setup.php on line 1218
[24-Aug-2022 03:02:11 UTC] PHP Warning:  Undefined array key "post_parent" in C:\xampp\htdocs\wordpress\wordpress\wp-content\themes\flatsome\inc\admin\envato_setup\envato_setup.php on line 1218
[24-Aug-2022 03:02:11 UTC] PHP Warning:  Undefined array key "post_parent" in C:\xampp\htdocs\wordpress\wordpress\wp-content\themes\flatsome\inc\admin\envato_setup\envato_setup.php on line 1218
[24-Aug-2022 03:02:11 UTC] PHP Warning:  Undefined array key "post_parent" in C:\xampp\htdocs\wordpress\wordpress\wp-content\themes\flatsome\inc\admin\envato_setup\envato_setup.php on line 1218
[24-Aug-2022 03:02:11 UTC] PHP Warning:  Undefined array key "post_parent" in C:\xampp\htdocs\wordpress\wordpress\wp-content\themes\flatsome\inc\admin\envato_setup\envato_setup.php on line 1218
[24-Aug-2022 03:02:11 UTC] PHP Warning:  Undefined array key "post_parent" in C:\xampp\htdocs\wordpress\wordpress\wp-content\themes\flatsome\inc\admin\envato_setup\envato_setup.php on line 1218
[24-Aug-2022 03:02:11 UTC] PHP Warning:  Undefined array key "post_parent" in C:\xampp\htdocs\wordpress\wordpress\wp-content\themes\flatsome\inc\admin\envato_setup\envato_setup.php on line 1218
[24-Aug-2022 03:02:11 UTC] PHP Warning:  Undefined array key "post_parent" in C:\xampp\htdocs\wordpress\wordpress\wp-content\themes\flatsome\inc\admin\envato_setup\envato_setup.php on line 1218
[24-Aug-2022 03:02:11 UTC] PHP Warning:  Undefined array key "post_parent" in C:\xampp\htdocs\wordpress\wordpress\wp-content\themes\flatsome\inc\admin\envato_setup\envato_setup.php on line 1218
[24-Aug-2022 03:02:11 UTC] PHP Warning:  Undefined array key "post_parent" in C:\xampp\htdocs\wordpress\wordpress\wp-content\themes\flatsome\inc\admin\envato_setup\envato_setup.php on line 1218
[24-Aug-2022 03:02:11 UTC] PHP Warning:  Undefined array key "post_parent" in C:\xampp\htdocs\wordpress\wordpress\wp-content\themes\flatsome\inc\admin\envato_setup\envato_setup.php on line 1218
[24-Aug-2022 03:02:11 UTC] PHP Warning:  Undefined array key "post_parent" in C:\xampp\htdocs\wordpress\wordpress\wp-content\themes\flatsome\inc\admin\envato_setup\envato_setup.php on line 1218
[24-Aug-2022 03:02:11 UTC] PHP Warning:  Undefined array key "post_parent" in C:\xampp\htdocs\wordpress\wordpress\wp-content\themes\flatsome\inc\admin\envato_setup\envato_setup.php on line 1218
[24-Aug-2022 03:02:11 UTC] PHP Warning:  Undefined array key "post_parent" in C:\xampp\htdocs\wordpress\wordpress\wp-content\themes\flatsome\inc\admin\envato_setup\envato_setup.php on line 1218
[24-Aug-2022 03:02:11 UTC] PHP Warning:  Undefined array key "post_parent" in C:\xampp\htdocs\wordpress\wordpress\wp-content\themes\flatsome\inc\admin\envato_setup\envato_setup.php on line 1218
[24-Aug-2022 03:02:11 UTC] PHP Warning:  Undefined array key "post_parent" in C:\xampp\htdocs\wordpress\wordpress\wp-content\themes\flatsome\inc\admin\envato_setup\envato_setup.php on line 1218
[24-Aug-2022 03:02:11 UTC] PHP Warning:  Undefined array key "post_parent" in C:\xampp\htdocs\wordpress\wordpress\wp-content\themes\flatsome\inc\admin\envato_setup\envato_setup.php on line 1218
[24-Aug-2022 03:02:11 UTC] PHP Warning:  Undefined array key "post_parent" in C:\xampp\htdocs\wordpress\wordpress\wp-content\themes\flatsome\inc\admin\envato_setup\envato_setup.php on line 1218
[24-Aug-2022 03:02:11 UTC] PHP Warning:  Undefined array key "post_parent" in C:\xampp\htdocs\wordpress\wordpress\wp-content\themes\flatsome\inc\admin\envato_setup\envato_setup.php on line 1218
[24-Aug-2022 03:02:11 UTC] PHP Warning:  Undefined array key "post_parent" in C:\xampp\htdocs\wordpress\wordpress\wp-content\themes\flatsome\inc\admin\envato_setup\envato_setup.php on line 1218
[24-Aug-2022 03:02:11 UTC] PHP Warning:  Undefined array key "post_parent" in C:\xampp\htdocs\wordpress\wordpress\wp-content\themes\flatsome\inc\admin\envato_setup\envato_setup.php on line 1218
[24-Aug-2022 03:02:11 UTC] PHP Warning:  Undefined array key "post_parent" in C:\xampp\htdocs\wordpress\wordpress\wp-content\themes\flatsome\inc\admin\envato_setup\envato_setup.php on line 1218
[24-Aug-2022 03:02:11 UTC] PHP Warning:  Undefined array key "post_parent" in C:\xampp\htdocs\wordpress\wordpress\wp-content\themes\flatsome\inc\admin\envato_setup\envato_setup.php on line 1218
[24-Aug-2022 03:02:11 UTC] PHP Warning:  Undefined array key "post_parent" in C:\xampp\htdocs\wordpress\wordpress\wp-content\themes\flatsome\inc\admin\envato_setup\envato_setup.php on line 1218
[24-Aug-2022 03:02:11 UTC] PHP Warning:  Undefined array key "post_parent" in C:\xampp\htdocs\wordpress\wordpress\wp-content\themes\flatsome\inc\admin\envato_setup\envato_setup.php on line 1218
[24-Aug-2022 03:02:11 UTC] PHP Warning:  Undefined array key "post_parent" in C:\xampp\htdocs\wordpress\wordpress\wp-content\themes\flatsome\inc\admin\envato_setup\envato_setup.php on line 1218
[24-Aug-2022 03:02:11 UTC] PHP Warning:  Undefined array key "post_parent" in C:\xampp\htdocs\wordpress\wordpress\wp-content\themes\flatsome\inc\admin\envato_setup\envato_setup.php on line 1218
[24-Aug-2022 03:02:11 UTC] PHP Warning:  Undefined array key "post_parent" in C:\xampp\htdocs\wordpress\wordpress\wp-content\themes\flatsome\inc\admin\envato_setup\envato_setup.php on line 1218
[24-Aug-2022 03:02:11 UTC] PHP Warning:  Undefined array key "post_parent" in C:\xampp\htdocs\wordpress\wordpress\wp-content\themes\flatsome\inc\admin\envato_setup\envato_setup.php on line 1218
[24-Aug-2022 03:02:11 UTC] PHP Warning:  Undefined array key "post_parent" in C:\xampp\htdocs\wordpress\wordpress\wp-content\themes\flatsome\inc\admin\envato_setup\envato_setup.php on line 1218
[24-Aug-2022 03:02:11 UTC] PHP Warning:  Undefined array key "post_parent" in C:\xampp\htdocs\wordpress\wordpress\wp-content\themes\flatsome\inc\admin\envato_setup\envato_setup.php on line 1218
[24-Aug-2022 03:02:11 UTC] PHP Warning:  Undefined array key "post_parent" in C:\xampp\htdocs\wordpress\wordpress\wp-content\themes\flatsome\inc\admin\envato_setup\envato_setup.php on line 1218
[24-Aug-2022 03:02:11 UTC] PHP Warning:  Undefined array key "post_parent" in C:\xampp\htdocs\wordpress\wordpress\wp-content\themes\flatsome\inc\admin\envato_setup\envato_setup.php on line 1218
[24-Aug-2022 03:02:11 UTC] PHP Warning:  Undefined array key "post_parent" in C:\xampp\htdocs\wordpress\wordpress\wp-content\themes\flatsome\inc\admin\envato_setup\envato_setup.php on line 1218
[24-Aug-2022 03:02:11 UTC] PHP Warning:  Undefined array key "post_parent" in C:\xampp\htdocs\wordpress\wordpress\wp-content\themes\flatsome\inc\admin\envato_setup\envato_setup.php on line 1218
[24-Aug-2022 03:02:11 UTC] PHP Warning:  Undefined array key "post_parent" in C:\xampp\htdocs\wordpress\wordpress\wp-content\themes\flatsome\inc\admin\envato_setup\envato_setup.php on line 1218
[24-Aug-2022 03:02:11 UTC] PHP Warning:  Undefined array key "post_parent" in C:\xampp\htdocs\wordpress\wordpress\wp-content\themes\flatsome\inc\admin\envato_setup\envato_setup.php on line 1218
[24-Aug-2022 03:02:11 UTC] PHP Warning:  Undefined array key "post_parent" in C:\xampp\htdocs\wordpress\wordpress\wp-content\themes\flatsome\inc\admin\envato_setup\envato_setup.php on line 1218
[24-Aug-2022 03:02:11 UTC] PHP Warning:  Undefined array key "post_parent" in C:\xampp\htdocs\wordpress\wordpress\wp-content\themes\flatsome\inc\admin\envato_setup\envato_setup.php on line 1218
[24-Aug-2022 03:02:11 UTC] PHP Warning:  Undefined array key "post_parent" in C:\xampp\htdocs\wordpress\wordpress\wp-content\themes\flatsome\inc\admin\envato_setup\envato_setup.php on line 1218
[24-Aug-2022 03:02:11 UTC] PHP Warning:  Undefined array key "post_parent" in C:\xampp\htdocs\wordpress\wordpress\wp-content\themes\flatsome\inc\admin\envato_setup\envato_setup.php on line 1218
[24-Aug-2022 03:02:11 UTC] PHP Warning:  Undefined array key "post_parent" in C:\xampp\htdocs\wordpress\wordpress\wp-content\themes\flatsome\inc\admin\envato_setup\envato_setup.php on line 1218
[24-Aug-2022 03:02:11 UTC] PHP Warning:  Undefined array key "post_parent" in C:\xampp\htdocs\wordpress\wordpress\wp-content\themes\flatsome\inc\admin\envato_setup\envato_setup.php on line 1218
[24-Aug-2022 03:02:11 UTC] PHP Warning:  Undefined array key "post_parent" in C:\xampp\htdocs\wordpress\wordpress\wp-content\themes\flatsome\inc\admin\envato_setup\envato_setup.php on line 1218
[24-Aug-2022 03:02:11 UTC] PHP Warning:  Undefined array key "post_parent" in C:\xampp\htdocs\wordpress\wordpress\wp-content\themes\flatsome\inc\admin\envato_setup\envato_setup.php on line 1218
[24-Aug-2022 03:02:11 UTC] PHP Warning:  Undefined array key "post_parent" in C:\xampp\htdocs\wordpress\wordpress\wp-content\themes\flatsome\inc\admin\envato_setup\envato_setup.php on line 1218
[24-Aug-2022 03:02:11 UTC] PHP Warning:  Undefined array key "post_parent" in C:\xampp\htdocs\wordpress\wordpress\wp-content\themes\flatsome\inc\admin\envato_setup\envato_setup.php on line 1218
[24-Aug-2022 03:03:19 UTC] PHP Warning:  foreach() argument must be of type array|object, null given in C:\xampp\htdocs\wordpress\wordpress\wp-content\themes\flatsome\inc\admin\envato_setup\envato_setup.php on line 1743
